I, [2019-09-19T16:55:17.108783 #24261]  INFO -- : Refreshing Gem list
I, [2019-09-19T16:55:19.550919 #24261]  INFO -- : listening on addr=/home/ubuntu/readyplayercode/shared/sockets/unicorn.sock fd=9
I, [2019-09-19T16:55:19.551053 #24261]  INFO -- : worker=0 spawning...
I, [2019-09-19T16:55:19.552709 #24261]  INFO -- : worker=1 spawning...
I, [2019-09-19T16:55:19.553666 #24261]  INFO -- : master process ready
I, [2019-09-19T16:55:19.558497 #24264]  INFO -- : worker=0 spawned pid=24264
I, [2019-09-19T16:55:19.558626 #24264]  INFO -- : worker=0 ready
I, [2019-09-19T16:55:19.568625 #24266]  INFO -- : worker=1 spawned pid=24266
I, [2019-09-19T16:55:19.568744 #24266]  INFO -- : worker=1 ready
/var/lib/gems/2.5.0/gems/unicorn-5.5.1/lib/unicorn/http_server.rb:207:in `pid=': Already running on PID:24261 (or pid=/home/ubuntu/readyplayercode/shared/pids/unicorn.pid is stale) (ArgumentError)
	from /var/lib/gems/2.5.0/gems/unicorn-5.5.1/lib/unicorn/http_server.rb:139:in `start'
	from /var/lib/gems/2.5.0/gems/unicorn-5.5.1/bin/unicorn:128:in `<top (required)>'
	from /usr/local/bin/unicorn:23:in `load'
	from /usr/local/bin/unicorn:23:in `<main>'
/var/lib/gems/2.5.0/gems/unicorn-5.5.1/lib/unicorn/http_server.rb:207:in `pid=': Already running on PID:24261 (or pid=/home/ubuntu/readyplayercode/shared/pids/unicorn.pid is stale) (ArgumentError)
	from /var/lib/gems/2.5.0/gems/unicorn-5.5.1/lib/unicorn/http_server.rb:139:in `start'
	from /var/lib/gems/2.5.0/gems/unicorn-5.5.1/bin/unicorn:128:in `<top (required)>'
	from /usr/local/bin/unicorn:23:in `load'
	from /usr/local/bin/unicorn:23:in `<main>'
I, [2019-09-20T18:21:01.387409 #24261]  INFO -- : reaped #<Process::Status: pid 24264 exit 0> worker=0
I, [2019-09-20T18:21:01.387517 #24261]  INFO -- : reaped #<Process::Status: pid 24266 exit 0> worker=1
I, [2019-09-20T18:21:01.387571 #24261]  INFO -- : master complete
I, [2019-09-20T18:21:04.962733 #32289]  INFO -- : Refreshing Gem list
I, [2019-09-20T18:21:07.529293 #32289]  INFO -- : unlinking existing socket=/home/ubuntu/readyplayercode/shared/sockets/unicorn.sock
I, [2019-09-20T18:21:07.529441 #32289]  INFO -- : listening on addr=/home/ubuntu/readyplayercode/shared/sockets/unicorn.sock fd=9
I, [2019-09-20T18:21:07.529571 #32289]  INFO -- : worker=0 spawning...
I, [2019-09-20T18:21:07.531253 #32289]  INFO -- : worker=1 spawning...
I, [2019-09-20T18:21:07.532217 #32289]  INFO -- : master process ready
I, [2019-09-20T18:21:07.536977 #32292]  INFO -- : worker=0 spawned pid=32292
I, [2019-09-20T18:21:07.537106 #32292]  INFO -- : worker=0 ready
I, [2019-09-20T18:21:07.547020 #32294]  INFO -- : worker=1 spawned pid=32294
I, [2019-09-20T18:21:07.547144 #32294]  INFO -- : worker=1 ready
I, [2019-09-20T18:31:55.997022 #32289]  INFO -- : reaped #<Process::Status: pid 32292 exit 0> worker=0
I, [2019-09-20T18:31:55.997116 #32289]  INFO -- : reaped #<Process::Status: pid 32294 exit 0> worker=1
I, [2019-09-20T18:31:55.997168 #32289]  INFO -- : master complete
I, [2019-09-20T18:32:36.794146 #615]  INFO -- : Refreshing Gem list
I, [2019-09-20T18:32:38.497071 #615]  INFO -- : unlinking existing socket=/home/ubuntu/readyplayercode/shared/sockets/unicorn.sock
I, [2019-09-20T18:32:38.497197 #615]  INFO -- : listening on addr=/home/ubuntu/readyplayercode/shared/sockets/unicorn.sock fd=9
I, [2019-09-20T18:32:38.497287 #615]  INFO -- : worker=0 spawning...
I, [2019-09-20T18:32:38.498904 #615]  INFO -- : worker=1 spawning...
I, [2019-09-20T18:32:38.499852 #615]  INFO -- : master process ready
I, [2019-09-20T18:32:38.514256 #618]  INFO -- : worker=0 spawned pid=618
I, [2019-09-20T18:32:38.514392 #618]  INFO -- : worker=0 ready
I, [2019-09-20T18:32:38.515020 #620]  INFO -- : worker=1 spawned pid=620
I, [2019-09-20T18:32:38.515131 #620]  INFO -- : worker=1 ready
184.191.130.149 - - [20/Sep/2019:18:33:38 +0000] "GET /500 HTTP/1.0" 500 1635 0.0381
184.191.130.149 - - [20/Sep/2019:18:38:24 +0000] "GET /500 HTTP/1.0" 500 1635 0.0048
184.191.130.149 - - [20/Sep/2019:18:38:24 +0000] "GET /500 HTTP/1.0" 500 1635 0.0356
184.191.130.149 - - [20/Sep/2019:18:38:25 +0000] "GET /500 HTTP/1.0" 500 1635 0.0046
184.191.130.149 - - [20/Sep/2019:18:38:25 +0000] "GET /500 HTTP/1.0" 500 1635 0.0048
184.191.130.149 - - [20/Sep/2019:18:38:25 +0000] "GET /500 HTTP/1.0" 500 1635 0.0046
184.191.130.149 - - [20/Sep/2019:18:38:25 +0000] "GET /500 HTTP/1.0" 500 1635 0.0044
184.191.130.149 - - [20/Sep/2019:18:38:25 +0000] "GET /500 HTTP/1.0" 500 1635 0.0046
I, [2019-09-20T18:38:55.073615 #615]  INFO -- : reaped #<Process::Status: pid 618 exit 0> worker=0
I, [2019-09-20T18:38:55.073710 #615]  INFO -- : reaped #<Process::Status: pid 620 exit 0> worker=1
I, [2019-09-20T18:38:55.073763 #615]  INFO -- : master complete
I, [2019-09-20T18:40:11.682108 #1092]  INFO -- : Refreshing Gem list
I, [2019-09-20T18:40:13.390129 #1092]  INFO -- : unlinking existing socket=/home/ubuntu/readyplayercode/shared/sockets/unicorn.sock
I, [2019-09-20T18:40:13.390292 #1092]  INFO -- : listening on addr=/home/ubuntu/readyplayercode/shared/sockets/unicorn.sock fd=9
I, [2019-09-20T18:40:13.390384 #1092]  INFO -- : worker=0 spawning...
I, [2019-09-20T18:40:13.392053 #1092]  INFO -- : worker=1 spawning...
I, [2019-09-20T18:40:13.393037 #1092]  INFO -- : master process ready
I, [2019-09-20T18:40:13.407374 #1096]  INFO -- : worker=0 spawned pid=1096
I, [2019-09-20T18:40:13.407515 #1096]  INFO -- : worker=0 ready
I, [2019-09-20T18:40:13.408583 #1098]  INFO -- : worker=1 spawned pid=1098
I, [2019-09-20T18:40:13.408913 #1098]  INFO -- : worker=1 ready
184.191.130.149 - - [20/Sep/2019:18:40:35 +0000] "GET /500 HTTP/1.0" 500 1635 0.0393
184.191.130.149 - - [20/Sep/2019:18:40:36 +0000] "GET /500 HTTP/1.0" 500 1635 0.0362
184.191.130.149 - - [20/Sep/2019:18:40:37 +0000] "GET /500 HTTP/1.0" 500 1635 0.0047
184.191.130.149 - - [20/Sep/2019:18:43:35 +0000] "GET /500 HTTP/1.0" 500 1635 0.0046
184.191.130.149 - - [20/Sep/2019:18:43:50 +0000] "GET /unauthenticated HTTP/1.0" 302 - 0.0135
184.191.130.149 - - [20/Sep/2019:18:43:51 +0000] "GET /users/sign_in HTTP/1.0" 302 - 0.0044
184.191.130.149 - - [20/Sep/2019:18:43:51 +0000] "GET /500 HTTP/1.0" 500 1635 0.0044
I, [2019-09-20T18:50:12.105504 #1092]  INFO -- : reaped #<Process::Status: pid 1096 exit 0> worker=0
I, [2019-09-20T18:50:12.105624 #1092]  INFO -- : reaped #<Process::Status: pid 1098 exit 0> worker=1
I, [2019-09-20T18:50:12.105679 #1092]  INFO -- : master complete
I, [2019-09-20T18:50:15.665987 #1778]  INFO -- : Refreshing Gem list
I, [2019-09-20T18:50:17.376510 #1778]  INFO -- : unlinking existing socket=/home/ubuntu/readyplayercode/shared/sockets/unicorn.sock
I, [2019-09-20T18:50:17.376648 #1778]  INFO -- : listening on addr=/home/ubuntu/readyplayercode/shared/sockets/unicorn.sock fd=9
I, [2019-09-20T18:50:17.376735 #1778]  INFO -- : worker=0 spawning...
I, [2019-09-20T18:50:17.378456 #1778]  INFO -- : worker=1 spawning...
I, [2019-09-20T18:50:17.379396 #1778]  INFO -- : master process ready
I, [2019-09-20T18:50:17.385174 #1781]  INFO -- : worker=0 spawned pid=1781
I, [2019-09-20T18:50:17.385324 #1781]  INFO -- : worker=0 ready
I, [2019-09-20T18:50:17.385945 #1783]  INFO -- : worker=1 spawned pid=1783
I, [2019-09-20T18:50:17.386069 #1783]  INFO -- : worker=1 ready
I, [2019-09-20T18:52:13.362685 #1778]  INFO -- : reaped #<Process::Status: pid 1781 exit 0> worker=0
I, [2019-09-20T18:52:13.362787 #1778]  INFO -- : reaped #<Process::Status: pid 1783 exit 0> worker=1
I, [2019-09-20T18:52:13.362842 #1778]  INFO -- : master complete
I, [2019-09-20T18:52:17.058242 #2039]  INFO -- : Refreshing Gem list
I, [2019-09-20T18:52:18.745736 #2039]  INFO -- : unlinking existing socket=/home/ubuntu/readyplayercode/shared/sockets/unicorn.sock
I, [2019-09-20T18:52:18.745874 #2039]  INFO -- : listening on addr=/home/ubuntu/readyplayercode/shared/sockets/unicorn.sock fd=9
I, [2019-09-20T18:52:18.745959 #2039]  INFO -- : worker=0 spawning...
I, [2019-09-20T18:52:18.747658 #2039]  INFO -- : worker=1 spawning...
I, [2019-09-20T18:52:18.748635 #2039]  INFO -- : master process ready
I, [2019-09-20T18:52:18.763046 #2042]  INFO -- : worker=0 spawned pid=2042
I, [2019-09-20T18:52:18.763168 #2042]  INFO -- : worker=0 ready
I, [2019-09-20T18:52:18.763790 #2044]  INFO -- : worker=1 spawned pid=2044
I, [2019-09-20T18:52:18.763914 #2044]  INFO -- : worker=1 ready
I, [2019-09-20T18:53:50.837768 #2039]  INFO -- : reaped #<Process::Status: pid 2042 exit 0> worker=0
I, [2019-09-20T18:53:50.838192 #2039]  INFO -- : reaped #<Process::Status: pid 2044 exit 0> worker=1
I, [2019-09-20T18:53:50.838254 #2039]  INFO -- : master complete
I, [2019-09-20T18:54:23.283035 #2470]  INFO -- : Refreshing Gem list
I, [2019-09-20T18:54:25.877177 #2470]  INFO -- : unlinking existing socket=/home/ubuntu/readyplayercode/shared/sockets/unicorn.sock
I, [2019-09-20T18:54:25.877353 #2470]  INFO -- : listening on addr=/home/ubuntu/readyplayercode/shared/sockets/unicorn.sock fd=9
I, [2019-09-20T18:54:25.877458 #2470]  INFO -- : worker=0 spawning...
I, [2019-09-20T18:54:25.879085 #2470]  INFO -- : worker=1 spawning...
I, [2019-09-20T18:54:25.880061 #2470]  INFO -- : master process ready
I, [2019-09-20T18:54:25.894729 #2474]  INFO -- : worker=0 spawned pid=2474
I, [2019-09-20T18:54:25.894865 #2474]  INFO -- : worker=0 ready
I, [2019-09-20T18:54:25.895549 #2476]  INFO -- : worker=1 spawned pid=2476
I, [2019-09-20T18:54:25.895674 #2476]  INFO -- : worker=1 ready
I, [2019-09-20T20:58:12.415803 #2470]  INFO -- : reaped #<Process::Status: pid 2474 exit 0> worker=0
I, [2019-09-20T20:58:12.416413 #2470]  INFO -- : reaped #<Process::Status: pid 2476 exit 0> worker=1
I, [2019-09-20T20:58:12.416493 #2470]  INFO -- : master complete
I, [2019-09-20T20:58:15.507372 #6377]  INFO -- : Refreshing Gem list
I, [2019-09-20T20:58:18.249841 #6377]  INFO -- : unlinking existing socket=/home/ubuntu/readyplayercode/shared/sockets/unicorn.sock
I, [2019-09-20T20:58:18.250418 #6377]  INFO -- : listening on addr=/home/ubuntu/readyplayercode/shared/sockets/unicorn.sock fd=9
I, [2019-09-20T20:58:18.250510 #6377]  INFO -- : worker=0 spawning...
I, [2019-09-20T20:58:18.252136 #6377]  INFO -- : worker=1 spawning...
I, [2019-09-20T20:58:18.253128 #6377]  INFO -- : master process ready
I, [2019-09-20T20:58:18.257869 #6380]  INFO -- : worker=0 spawned pid=6380
I, [2019-09-20T20:58:18.257995 #6380]  INFO -- : worker=0 ready
I, [2019-09-20T20:58:18.267837 #6382]  INFO -- : worker=1 spawned pid=6382
I, [2019-09-20T20:58:18.267961 #6382]  INFO -- : worker=1 ready
I, [2019-09-20T21:26:22.059432 #6377]  INFO -- : reaped #<Process::Status: pid 6380 exit 0> worker=0
I, [2019-09-20T21:26:22.059521 #6377]  INFO -- : reaped #<Process::Status: pid 6382 exit 0> worker=1
I, [2019-09-20T21:26:22.059573 #6377]  INFO -- : master complete
I, [2019-09-20T21:26:25.470258 #6794]  INFO -- : Refreshing Gem list
I, [2019-09-20T21:26:27.139591 #6794]  INFO -- : unlinking existing socket=/home/ubuntu/readyplayercode/shared/sockets/unicorn.sock
I, [2019-09-20T21:26:27.139738 #6794]  INFO -- : listening on addr=/home/ubuntu/readyplayercode/shared/sockets/unicorn.sock fd=9
I, [2019-09-20T21:26:27.139828 #6794]  INFO -- : worker=0 spawning...
I, [2019-09-20T21:26:27.141583 #6794]  INFO -- : worker=1 spawning...
I, [2019-09-20T21:26:27.142580 #6794]  INFO -- : master process ready
I, [2019-09-20T21:26:27.147380 #6797]  INFO -- : worker=0 spawned pid=6797
I, [2019-09-20T21:26:27.147603 #6797]  INFO -- : worker=0 ready
I, [2019-09-20T21:26:27.148871 #6799]  INFO -- : worker=1 spawned pid=6799
I, [2019-09-20T21:26:27.149051 #6799]  INFO -- : worker=1 ready
I, [2019-09-20T21:32:19.374965 #6794]  INFO -- : reaped #<Process::Status: pid 6797 exit 0> worker=0
I, [2019-09-20T21:32:19.375084 #6794]  INFO -- : reaped #<Process::Status: pid 6799 exit 0> worker=1
I, [2019-09-20T21:32:19.375141 #6794]  INFO -- : master complete
I, [2019-09-20T21:32:22.498209 #7033]  INFO -- : Refreshing Gem list
I, [2019-09-20T21:32:24.189737 #7033]  INFO -- : unlinking existing socket=/home/ubuntu/readyplayercode/shared/sockets/unicorn.sock
I, [2019-09-20T21:32:24.189892 #7033]  INFO -- : listening on addr=/home/ubuntu/readyplayercode/shared/sockets/unicorn.sock fd=9
I, [2019-09-20T21:32:24.189985 #7033]  INFO -- : worker=0 spawning...
I, [2019-09-20T21:32:24.191739 #7033]  INFO -- : worker=1 spawning...
I, [2019-09-20T21:32:24.192831 #7033]  INFO -- : master process ready
I, [2019-09-20T21:32:24.197699 #7036]  INFO -- : worker=0 spawned pid=7036
I, [2019-09-20T21:32:24.197832 #7036]  INFO -- : worker=0 ready
I, [2019-09-20T21:32:24.207923 #7038]  INFO -- : worker=1 spawned pid=7038
I, [2019-09-20T21:32:24.208042 #7038]  INFO -- : worker=1 ready
I, [2019-09-20T21:38:12.348982 #7033]  INFO -- : reaped #<Process::Status: pid 7036 exit 0> worker=0
I, [2019-09-20T21:38:12.349093 #7033]  INFO -- : reaped #<Process::Status: pid 7038 exit 0> worker=1
I, [2019-09-20T21:38:12.349146 #7033]  INFO -- : master complete
I, [2019-09-20T21:38:16.078197 #7269]  INFO -- : Refreshing Gem list
I, [2019-09-20T21:38:17.760110 #7269]  INFO -- : unlinking existing socket=/home/ubuntu/readyplayercode/shared/sockets/unicorn.sock
I, [2019-09-20T21:38:17.760255 #7269]  INFO -- : listening on addr=/home/ubuntu/readyplayercode/shared/sockets/unicorn.sock fd=9
I, [2019-09-20T21:38:17.760386 #7269]  INFO -- : worker=0 spawning...
I, [2019-09-20T21:38:17.762047 #7269]  INFO -- : worker=1 spawning...
I, [2019-09-20T21:38:17.763040 #7269]  INFO -- : master process ready
I, [2019-09-20T21:38:17.777357 #7272]  INFO -- : worker=0 spawned pid=7272
I, [2019-09-20T21:38:17.777489 #7272]  INFO -- : worker=0 ready
I, [2019-09-20T21:38:17.778118 #7274]  INFO -- : worker=1 spawned pid=7274
I, [2019-09-20T21:38:17.778237 #7274]  INFO -- : worker=1 ready
I, [2019-09-20T21:43:05.447652 #7269]  INFO -- : reaped #<Process::Status: pid 7272 exit 0> worker=0
I, [2019-09-20T21:43:05.447751 #7269]  INFO -- : reaped #<Process::Status: pid 7274 exit 0> worker=1
I, [2019-09-20T21:43:05.447822 #7269]  INFO -- : master complete
I, [2019-09-20T21:43:08.805594 #7552]  INFO -- : Refreshing Gem list
I, [2019-09-20T21:43:10.497011 #7552]  INFO -- : unlinking existing socket=/home/ubuntu/readyplayercode/shared/sockets/unicorn.sock
I, [2019-09-20T21:43:10.497169 #7552]  INFO -- : listening on addr=/home/ubuntu/readyplayercode/shared/sockets/unicorn.sock fd=9
I, [2019-09-20T21:43:10.497289 #7552]  INFO -- : worker=0 spawning...
I, [2019-09-20T21:43:10.499132 #7552]  INFO -- : worker=1 spawning...
I, [2019-09-20T21:43:10.500166 #7552]  INFO -- : master process ready
I, [2019-09-20T21:43:10.513071 #7557]  INFO -- : worker=1 spawned pid=7557
I, [2019-09-20T21:43:10.513211 #7557]  INFO -- : worker=1 ready
I, [2019-09-20T21:43:10.513321 #7555]  INFO -- : worker=0 spawned pid=7555
I, [2019-09-20T21:43:10.513421 #7555]  INFO -- : worker=0 ready
I, [2019-09-20T22:36:20.359867 #7552]  INFO -- : reaped #<Process::Status: pid 7555 exit 0> worker=0
I, [2019-09-20T22:36:20.359978 #7552]  INFO -- : reaped #<Process::Status: pid 7557 exit 0> worker=1
I, [2019-09-20T22:36:20.360029 #7552]  INFO -- : master complete
I, [2019-09-20T22:36:23.129197 #7979]  INFO -- : Refreshing Gem list
I, [2019-09-20T22:36:24.813861 #7979]  INFO -- : unlinking existing socket=/home/ubuntu/readyplayercode/shared/sockets/unicorn.sock
I, [2019-09-20T22:36:24.814006 #7979]  INFO -- : listening on addr=/home/ubuntu/readyplayercode/shared/sockets/unicorn.sock fd=9
I, [2019-09-20T22:36:24.814126 #7979]  INFO -- : worker=0 spawning...
I, [2019-09-20T22:36:24.815849 #7979]  INFO -- : worker=1 spawning...
I, [2019-09-20T22:36:24.816805 #7979]  INFO -- : master process ready
I, [2019-09-20T22:36:24.821683 #7982]  INFO -- : worker=0 spawned pid=7982
I, [2019-09-20T22:36:24.821804 #7982]  INFO -- : worker=0 ready
I, [2019-09-20T22:36:24.831860 #7984]  INFO -- : worker=1 spawned pid=7984
I, [2019-09-20T22:36:24.831974 #7984]  INFO -- : worker=1 ready
I, [2019-09-20T22:37:53.864053 #7979]  INFO -- : reaped #<Process::Status: pid 7982 exit 0> worker=0
I, [2019-09-20T22:37:53.864159 #7979]  INFO -- : reaped #<Process::Status: pid 7984 exit 0> worker=1
I, [2019-09-20T22:37:53.864214 #7979]  INFO -- : master complete
I, [2019-09-20T22:37:57.306158 #8200]  INFO -- : Refreshing Gem list
I, [2019-09-20T22:37:59.034528 #8200]  INFO -- : unlinking existing socket=/home/ubuntu/readyplayercode/shared/sockets/unicorn.sock
I, [2019-09-20T22:37:59.034695 #8200]  INFO -- : listening on addr=/home/ubuntu/readyplayercode/shared/sockets/unicorn.sock fd=9
I, [2019-09-20T22:37:59.034788 #8200]  INFO -- : worker=0 spawning...
I, [2019-09-20T22:37:59.036465 #8200]  INFO -- : worker=1 spawning...
I, [2019-09-20T22:37:59.037470 #8200]  INFO -- : master process ready
I, [2019-09-20T22:37:59.051629 #8203]  INFO -- : worker=0 spawned pid=8203
I, [2019-09-20T22:37:59.051761 #8203]  INFO -- : worker=0 ready
I, [2019-09-20T22:37:59.052647 #8205]  INFO -- : worker=1 spawned pid=8205
I, [2019-09-20T22:37:59.052769 #8205]  INFO -- : worker=1 ready
I, [2019-09-20T22:42:06.975010 #8200]  INFO -- : reaped #<Process::Status: pid 8203 exit 0> worker=0
I, [2019-09-20T22:42:06.975104 #8200]  INFO -- : reaped #<Process::Status: pid 8205 exit 0> worker=1
I, [2019-09-20T22:42:06.975157 #8200]  INFO -- : master complete
I, [2019-09-20T22:42:10.210225 #8437]  INFO -- : Refreshing Gem list
I, [2019-09-20T22:42:11.947122 #8437]  INFO -- : unlinking existing socket=/home/ubuntu/readyplayercode/shared/sockets/unicorn.sock
I, [2019-09-20T22:42:11.947263 #8437]  INFO -- : listening on addr=/home/ubuntu/readyplayercode/shared/sockets/unicorn.sock fd=9
I, [2019-09-20T22:42:11.947350 #8437]  INFO -- : worker=0 spawning...
I, [2019-09-20T22:42:11.949145 #8437]  INFO -- : worker=1 spawning...
I, [2019-09-20T22:42:11.950130 #8437]  INFO -- : master process ready
I, [2019-09-20T22:42:11.964087 #8440]  INFO -- : worker=0 spawned pid=8440
I, [2019-09-20T22:42:11.964215 #8440]  INFO -- : worker=0 ready
I, [2019-09-20T22:42:11.965072 #8442]  INFO -- : worker=1 spawned pid=8442
I, [2019-09-20T22:42:11.965195 #8442]  INFO -- : worker=1 ready
I, [2019-09-20T22:59:01.814491 #8437]  INFO -- : reaped #<Process::Status: pid 8440 exit 0> worker=0
I, [2019-09-20T22:59:01.814603 #8437]  INFO -- : reaped #<Process::Status: pid 8442 exit 0> worker=1
I, [2019-09-20T22:59:01.814664 #8437]  INFO -- : master complete
I, [2019-09-20T22:59:05.334257 #8796]  INFO -- : Refreshing Gem list
I, [2019-09-20T22:59:07.016111 #8796]  INFO -- : unlinking existing socket=/home/ubuntu/readyplayercode/shared/sockets/unicorn.sock
I, [2019-09-20T22:59:07.016280 #8796]  INFO -- : listening on addr=/home/ubuntu/readyplayercode/shared/sockets/unicorn.sock fd=9
I, [2019-09-20T22:59:07.016400 #8796]  INFO -- : worker=0 spawning...
I, [2019-09-20T22:59:07.018028 #8796]  INFO -- : worker=1 spawning...
I, [2019-09-20T22:59:07.019026 #8796]  INFO -- : master process ready
I, [2019-09-20T22:59:07.033259 #8799]  INFO -- : worker=0 spawned pid=8799
I, [2019-09-20T22:59:07.033399 #8799]  INFO -- : worker=0 ready
I, [2019-09-20T22:59:07.034006 #8801]  INFO -- : worker=1 spawned pid=8801
I, [2019-09-20T22:59:07.034121 #8801]  INFO -- : worker=1 ready
I, [2019-09-20T23:02:04.644068 #8796]  INFO -- : reaped #<Process::Status: pid 8799 exit 0> worker=0
I, [2019-09-20T23:02:04.644176 #8796]  INFO -- : reaped #<Process::Status: pid 8801 exit 0> worker=1
I, [2019-09-20T23:02:04.644231 #8796]  INFO -- : master complete
I, [2019-09-20T23:02:08.105128 #9264]  INFO -- : Refreshing Gem list
I, [2019-09-20T23:02:09.771500 #9264]  INFO -- : unlinking existing socket=/home/ubuntu/readyplayercode/shared/sockets/unicorn.sock
I, [2019-09-20T23:02:09.771631 #9264]  INFO -- : listening on addr=/home/ubuntu/readyplayercode/shared/sockets/unicorn.sock fd=9
I, [2019-09-20T23:02:09.771715 #9264]  INFO -- : worker=0 spawning...
I, [2019-09-20T23:02:09.773265 #9264]  INFO -- : worker=1 spawning...
I, [2019-09-20T23:02:09.774202 #9264]  INFO -- : master process ready
I, [2019-09-20T23:02:09.787910 #9268]  INFO -- : worker=0 spawned pid=9268
I, [2019-09-20T23:02:09.788026 #9268]  INFO -- : worker=0 ready
I, [2019-09-20T23:02:09.788846 #9270]  INFO -- : worker=1 spawned pid=9270
I, [2019-09-20T23:02:09.788950 #9270]  INFO -- : worker=1 ready
